This is pdfTeX, Version 3.14159265-2.6-1.40.19 (MiKTeX 2.9.6930 64-bit) (preloaded format=pdflatex 2019.1.14)  10 MAR 2019 21:56
entering extended mode
**./cahier_des_charges.tex
(cahier_des_charges.tex
LaTeX2e <2018-12-01>
("D:\Program Files (x86)\MiKTeX\tex/latex/base\article.cls"
Document Class: article 2018/09/03 v1.4i Standard LaTeX document class
("D:\Program Files (x86)\MiKTeX\tex/latex/base\size10.clo"
File: size10.clo 2018/09/03 v1.4i Standard LaTeX file (size option)
)
\c@part=\count80
\c@section=\count81
\c@subsection=\count82
\c@subsubsection=\count83
\c@paragraph=\count84
\c@subparagraph=\count85
\c@figure=\count86
\c@table=\count87
\abovecaptionskip=\skip41
\belowcaptionskip=\skip42
\bibindent=\dimen102
)
("D:\Program Files (x86)\MiKTeX\tex/latex/base\inputenc.sty"
Package: inputenc 2018/08/11 v1.3c Input encoding file
\inpenc@prehook=\toks14
\inpenc@posthook=\toks15
)
("D:\Program Files (x86)\MiKTeX\tex/latex/sectsty\sectsty.sty"
Package: sectsty 2002/02/25 v2.0.2 Commands to change all sectional heading sty
les
)
("D:\Program Files (x86)\MiKTeX\tex/latex/fancyhdr\fancyhdr.sty"
Package: fancyhdr 2017/06/30 v3.9a Extensive control of page headers and footer
s
\f@nch@headwidth=\skip43
\f@nch@O@elh=\skip44
\f@nch@O@erh=\skip45
\f@nch@O@olh=\skip46
\f@nch@O@orh=\skip47
\f@nch@O@elf=\skip48
\f@nch@O@erf=\skip49
\f@nch@O@olf=\skip50
\f@nch@O@orf=\skip51
)
("D:\Program Files (x86)\MiKTeX\tex/latex/geometry\geometry.sty"
Package: geometry 2018/04/16 v5.8 Page Geometry

("D:\Program Files (x86)\MiKTeX\tex/latex/graphics\keyval.sty"
Package: keyval 2014/10/28 v1.15 key=value parser (DPC)
\KV@toks@=\toks16
)
("D:\Program Files (x86)\MiKTeX\tex/generic/oberdiek\ifpdf.sty"
Package: ifpdf 2018/09/07 v3.3 Provides the ifpdf switch
)
("D:\Program Files (x86)\MiKTeX\tex/generic/oberdiek\ifvtex.sty"
Package: ifvtex 2016/05/16 v1.6 Detect VTeX and its facilities (HO)
Package ifvtex Info: VTeX not detected.
)
("D:\Program Files (x86)\MiKTeX\tex/generic/ifxetex\ifxetex.sty"
Package: ifxetex 2010/09/12 v0.6 Provides ifxetex conditional
)
\Gm@cnth=\count88
\Gm@cntv=\count89
\c@Gm@tempcnt=\count90
\Gm@bindingoffset=\dimen103
\Gm@wd@mp=\dimen104
\Gm@odd@mp=\dimen105
\Gm@even@mp=\dimen106
\Gm@layoutwidth=\dimen107
\Gm@layoutheight=\dimen108
\Gm@layouthoffset=\dimen109
\Gm@layoutvoffset=\dimen110
\Gm@dimlist=\toks17

("D:\Program Files (x86)\MiKTeX\tex/latex/geometry\geometry.cfg"))
("D:\Program Files (x86)\MiKTeX\tex/latex/tools\tabularx.sty"
Package: tabularx 2016/02/03 v2.11b `tabularx' package (DPC)

("D:\Program Files (x86)\MiKTeX\tex/latex/tools\array.sty"
Package: array 2018/11/13 v2.4j Tabular extension package (FMi)
\col@sep=\dimen111
\ar@mcellbox=\box27
\extrarowheight=\dimen112
\NC@list=\toks18
\extratabsurround=\skip52
\backup@length=\skip53
\ar@cellbox=\box28
)
\TX@col@width=\dimen113
\TX@old@table=\dimen114
\TX@old@col=\dimen115
\TX@target=\dimen116
\TX@delta=\dimen117
\TX@cols=\count91
\TX@ftn=\toks19
)
("D:\Program Files (x86)\MiKTeX\tex/latex/tabulary\tabulary.sty"
Package: tabulary 2014/06/11 v0.10 tabulary package (DPC)
\TY@count=\count92
\TY@linewidth=\dimen118
\tymin=\dimen119
\tymax=\dimen120
\TY@tablewidth=\dimen121
)
("D:\Program Files (x86)\MiKTeX\tex/latex/graphics\graphicx.sty"
Package: graphicx 2017/06/01 v1.1a Enhanced LaTeX Graphics (DPC,SPQR)

("D:\Program Files (x86)\MiKTeX\tex/latex/graphics\graphics.sty"
Package: graphics 2017/06/25 v1.2c Standard LaTeX Graphics (DPC,SPQR)

("D:\Program Files (x86)\MiKTeX\tex/latex/graphics\trig.sty"
Package: trig 2016/01/03 v1.10 sin cos tan (DPC)
)
("D:\Program Files (x86)\MiKTeX\tex/latex/graphics-cfg\graphics.cfg"
File: graphics.cfg 2016/06/04 v1.11 sample graphics configuration
)
Package graphics Info: Driver file: pdftex.def on input line 99.

("D:\Program Files (x86)\MiKTeX\tex/latex/graphics-def\pdftex.def"
File: pdftex.def 2018/01/08 v1.0l Graphics/color driver for pdftex
))
\Gin@req@height=\dimen122
\Gin@req@width=\dimen123
)
("D:\Program Files (x86)\MiKTeX\tex/generic/babel\babel.sty"
Package: babel 2018/11/13 3.27 The Babel package

("D:\Program Files (x86)\MiKTeX\tex/generic/babel\switch.def"
File: switch.def 2018/11/13 3.27 Babel switching mechanism
)
*************************************
* Local config file bblopts.cfg used
*
("D:\Program Files (x86)\MiKTeX\tex/latex/arabi\bblopts.cfg"
File: bblopts.cfg 2005/09/08 v0.1 add Arabic and Farsi to "declared" options of
 babel
)
("D:\Program Files (x86)\MiKTeX\tex/generic/babel-french\french.ldf"
Language: french 2018/09/14 v3.5c French support from the babel system

("D:\Program Files (x86)\MiKTeX\tex/generic/babel\babel.def"
File: babel.def 2018/11/13 3.27 Babel common definitions
\babel@savecnt=\count93
\U@D=\dimen124

("D:\Program Files (x86)\MiKTeX\tex/generic/babel\txtbabel.def")
\bbl@dirlevel=\count94
)
\l@acadian = a dialect from \language\l@french 
\FB@nonchar=\count95
Package babel Info: Making : an active character on input line 414.
Package babel Info: Making ; an active character on input line 415.
Package babel Info: Making ! an active character on input line 416.
Package babel Info: Making ? an active character on input line 417.
\FBguill@level=\count96
\FBold@everypar=\toks20
\FB@Mht=\dimen125
\mc@charclass=\count97
\mc@charfam=\count98
\mc@charslot=\count99
\std@mcc=\count100
\dec@mcc=\count101
\c@FBcaption@count=\count102
\listindentFB=\dimen126
\descindentFB=\dimen127
\labelindentFB=\dimen128
\labelwidthFB=\dimen129
\leftmarginFB=\dimen130
\parindentFFN=\dimen131
\FBfnindent=\dimen132
))
("D:\Program Files (x86)\MiKTeX\tex/latex/carlisle\scalefnt.sty")
No file cahier_des_charges.aux.
\openout1 = `cahier_des_charges.aux'.

LaTeX Font Info:    Checking defaults for OML/cmm/m/it on input line 17.
LaTeX Font Info:    ... okay on input line 17.
LaTeX Font Info:    Checking defaults for T1/cmr/m/n on input line 17.
LaTeX Font Info:    ... okay on input line 17.
LaTeX Font Info:    Checking defaults for OT1/cmr/m/n on input line 17.
LaTeX Font Info:    ... okay on input line 17.
LaTeX Font Info:    Checking defaults for OMS/cmsy/m/n on input line 17.
LaTeX Font Info:    ... okay on input line 17.
LaTeX Font Info:    Checking defaults for OMX/cmex/m/n on input line 17.
LaTeX Font Info:    ... okay on input line 17.
LaTeX Font Info:    Checking defaults for U/cmr/m/n on input line 17.
LaTeX Font Info:    ... okay on input line 17.
*geometry* driver: auto-detecting
*geometry* detected driver: pdftex
*geometry* verbose mode - [ preamble ] result:
* driver: pdftex
* paper: <default>
* layout: <same size as paper>
* layoutoffset:(h,v)=(0.0pt,0.0pt)
* modes: 
* h-part:(L,W,R)=(56.9055pt, 500.484pt, 56.9055pt)
* v-part:(T,H,B)=(35.56593pt, 702.49855pt, 56.9055pt)
* \paperwidth=614.295pt
* \paperheight=794.96999pt
* \textwidth=500.484pt
* \textheight=702.49855pt
* \oddsidemargin=-15.36449pt
* \evensidemargin=-15.36449pt
* \topmargin=-73.70406pt
* \headheight=12.0pt
* \headsep=25.0pt
* \topskip=10.0pt
* \footskip=30.0pt
* \marginparwidth=65.0pt
* \marginparsep=11.0pt
* \columnsep=10.0pt
* \skip\footins=9.0pt plus 4.0pt minus 2.0pt
* \hoffset=0.0pt
* \voffset=0.0pt
* \mag=1000
* \@twocolumnfalse
* \@twosidefalse
* \@mparswitchfalse
* \@reversemarginfalse
* (1in=72.27pt=25.4mm, 1cm=28.453pt)

("D:\Program Files (x86)\MiKTeX\tex/context/base/mkii\supp-pdf.mkii"
[Loading MPS to PDF converter (version 2006.09.02).]
\scratchcounter=\count103
\scratchdimen=\dimen133
\scratchbox=\box29
\nofMPsegments=\count104
\nofMParguments=\count105
\everyMPshowfont=\toks21
\MPscratchCnt=\count106
\MPscratchDim=\dimen134
\MPnumerator=\count107
\makeMPintoPDFobject=\count108
\everyMPtoPDFconversion=\toks22
) ("D:\Program Files (x86)\MiKTeX\tex/latex/oberdiek\epstopdf-base.sty"
Package: epstopdf-base 2016/05/15 v2.6 Base part for package epstopdf

("D:\Program Files (x86)\MiKTeX\tex/generic/oberdiek\infwarerr.sty"
Package: infwarerr 2016/05/16 v1.4 Providing info/warning/error messages (HO)
)
("D:\Program Files (x86)\MiKTeX\tex/latex/oberdiek\grfext.sty"
Package: grfext 2016/05/16 v1.2 Manage graphics extensions (HO)

("D:\Program Files (x86)\MiKTeX\tex/generic/oberdiek\kvdefinekeys.sty"
Package: kvdefinekeys 2016/05/16 v1.4 Define keys (HO)

("D:\Program Files (x86)\MiKTeX\tex/generic/oberdiek\ltxcmds.sty"
Package: ltxcmds 2016/05/16 v1.23 LaTeX kernel commands for general use (HO)
)))
("D:\Program Files (x86)\MiKTeX\tex/latex/oberdiek\kvoptions.sty"
Package: kvoptions 2016/05/16 v3.12 Key value format for package options (HO)

("D:\Program Files (x86)\MiKTeX\tex/generic/oberdiek\kvsetkeys.sty"
Package: kvsetkeys 2016/05/16 v1.17 Key value parser (HO)

("D:\Program Files (x86)\MiKTeX\tex/generic/oberdiek\etexcmds.sty"
Package: etexcmds 2016/05/16 v1.6 Avoid name clashes with e-TeX commands (HO)

("D:\Program Files (x86)\MiKTeX\tex/generic/oberdiek\ifluatex.sty"
Package: ifluatex 2016/05/16 v1.4 Provides the ifluatex switch (HO)
Package ifluatex Info: LuaTeX not detected.
))))
("D:\Program Files (x86)\MiKTeX\tex/generic/oberdiek\pdftexcmds.sty"
Package: pdftexcmds 2018/09/10 v0.29 Utility functions of pdfTeX for LuaTeX (HO
)
Package pdftexcmds Info: LuaTeX not detected.
Package pdftexcmds Info: \pdf@primitive is available.
Package pdftexcmds Info: \pdf@ifprimitive is available.
Package pdftexcmds Info: \pdfdraftmode found.
)
Package epstopdf-base Info: Redefining graphics rule for `.eps' on input line 4
38.
Package grfext Info: Graphics extension search list:
(grfext)             [.pdf,.png,.jpg,.mps,.jpeg,.jbig2,.jb2,.PDF,.PNG,.JPG,.JPE
G,.JBIG2,.JB2,.eps]
(grfext)             \AppendGraphicsExtensions on input line 456.
)
LaTeX Info: Redefining \degres on input line 17.
LaTeX Info: Redefining \dots on input line 17.
LaTeX Info: Redefining \up on input line 17.


Package french.ldf Warning: OT1 encoding should not be used for French.
(french.ldf)                Add \usepackage[T1]{fontenc} to the preamble
(french.ldf)                of your document; reported on input line 17.

LaTeX Font Info:    External font `cmex10' loaded for size
(Font)              <7> on input line 53.
LaTeX Font Info:    External font `cmex10' loaded for size
(Font)              <5> on input line 53.
<logo_sorbonne.png, id=1, 1284.8pt x 520.94624pt>
File: logo_sorbonne.png Graphic file (type png)
<use logo_sorbonne.png>
Package pdftex.def Info: logo_sorbonne.png  used on input line 72.
(pdftex.def)             Requested size: 192.71169pt x 78.13857pt.
[1

{C:/Users/shx/AppData/Local/MiKTeX/2.9/pdftex/config/pdftex.map} <./logo_sorbon
ne.png>]
No file cahier_des_charges.toc.
\tf@toc=\write3
\openout3 = `cahier_des_charges.toc'.

[1]
Underfull \hbox (badness 10000) in paragraph at lines 87--90

 []

[2] [3] [4]
Underfull \hbox (badness 10000) in paragraph at lines 235--236

 []


Underfull \hbox (badness 10000) in paragraph at lines 235--236

 []

<comparatif_v3.PNG, id=26, 357.13425pt x 63.8385pt>
File: comparatif_v3.PNG Graphic file (type png)
<use comparatif_v3.PNG>
Package pdftex.def Info: comparatif_v3.PNG  used on input line 243.
(pdftex.def)             Requested size: 357.13338pt x 63.83833pt.

Underfull \hbox (badness 10000) in paragraph at lines 252--253

 []

<Solution_PC.PNG, id=27, 317.68687pt x 386.94562pt>
File: Solution_PC.PNG Graphic file (type png)
<use Solution_PC.PNG>
Package pdftex.def Info: Solution_PC.PNG  used on input line 262.
(pdftex.def)             Requested size: 222.37927pt x 270.86008pt.

Underfull \hbox (badness 10000) in paragraph at lines 254--267

 []

[5 <./comparatif_v3.PNG>]
Underfull \hbox (badness 10000) in paragraph at lines 280--283

 []

[6 <./Solution_PC.PNG>]
<capt1.PNG, id=37, 1141.26375pt x 564.30824pt>
File: capt1.PNG Graphic file (type png)
<use capt1.PNG>
Package pdftex.def Info: capt1.PNG  used on input line 311.
(pdftex.def)             Requested size: 479.32751pt x 237.00784pt.

Underfull \hbox (badness 10000) in paragraph at lines 318--323

 []


Underfull \hbox (badness 10000) in paragraph at lines 318--323

 []


Underfull \hbox (badness 10000) in paragraph at lines 318--323

 []


Underfull \hbox (badness 10000) in paragraph at lines 324--325

 []


Underfull \hbox (badness 10000) in paragraph at lines 326--327

 []


Underfull \hbox (badness 10000) in paragraph at lines 326--327

 []


Underfull \hbox (badness 10000) in paragraph at lines 326--327

 []

[7 <./capt1.PNG>]
<capt3.PNG, id=42, 1141.26375pt x 562.5015pt>
File: capt3.PNG Graphic file (type png)
<use capt3.PNG>
Package pdftex.def Info: capt3.PNG  used on input line 336.
(pdftex.def)             Requested size: 479.32751pt x 236.24901pt.
<capt5.PNG, id=43, 1140.05925pt x 561.297pt>
File: capt5.PNG Graphic file (type png)
<use capt5.PNG>
Package pdftex.def Info: capt5.PNG  used on input line 347.
(pdftex.def)             Requested size: 478.82162pt x 235.74313pt.
 [8 <./capt3.PNG> <./capt5.PNG>]
<capt6.PNG, id=49, 1141.26375pt x 564.9105pt>
File: capt6.PNG Graphic file (type png)
<use capt6.PNG>
Package pdftex.def Info: capt6.PNG  used on input line 359.
(pdftex.def)             Requested size: 479.32751pt x 237.26079pt.
<capt7.PNG, id=50, 1141.866pt x 560.0925pt>
File: capt7.PNG Graphic file (type png)
<use capt7.PNG>
Package pdftex.def Info: capt7.PNG  used on input line 369.
(pdftex.def)             Requested size: 479.58044pt x 235.23724pt.
 [9 <./capt6.PNG> <./capt7.PNG>]
<capt8.PNG, id=56, 1138.85475pt x 563.706pt>
File: capt8.PNG Graphic file (type png)
<use capt8.PNG>
Package pdftex.def Info: capt8.PNG  used on input line 380.
(pdftex.def)             Requested size: 478.31573pt x 236.7549pt.
 [10 <./capt8.PNG>] (cahier_des_charges.aux) ) 
Here is how much of TeX's memory you used:
 3647 strings out of 492946
 52329 string characters out of 3134651
 147212 words of memory out of 3000000
 7492 multiletter control sequences out of 15000+200000
 7962 words of font info for 28 fonts, out of 3000000 for 9000
 1141 hyphenation exceptions out of 8191
 41i,9n,43p,681b,423s stack positions out of 5000i,500n,10000p,200000b,50000s
<D:/Program Files (x86)/MiKTeX/fo
nts/type1/public/amsfonts/cm/cmbx10.pfb><D:/Program Files (x86)/MiKTeX/fonts/ty
pe1/public/amsfonts/cm/cmbx12.pfb><D:/Program Files (x86)/MiKTeX/fonts/type1/pu
blic/amsfonts/cm/cmcsc10.pfb><D:/Program Files (x86)/MiKTeX/fonts/type1/public/
amsfonts/cm/cmr10.pfb><D:/Program Files (x86)/MiKTeX/fonts/type1/public/amsfont
s/cm/cmr12.pfb><D:/Program Files (x86)/MiKTeX/fonts/type1/public/amsfonts/cm/cm
ti10.pfb><D:/Program Files (x86)/MiKTeX/fonts/type1/public/amsfonts/cm/cmti12.p
fb>
Output written on cahier_des_charges.pdf (11 pages, 5287885 bytes).
PDF statistics:
 85 PDF objects out of 1000 (max. 8388607)
 0 named destinations out of 1000 (max. 500000)
 46 words of extra memory for PDF output out of 10000 (max. 10000000)

